2020-05-22 13:56:52:378 - [35m[Appium][39m Welcome to Appium v1.17.1
2020-05-22 13:56:52:380 - [35m[Appium][39m Non-default server args:
2020-05-22 13:56:52:380 - [35m[Appium][39m   address: 127.0.0.1
2020-05-22 13:56:52:380 - [35m[Appium][39m   port: 4725
2020-05-22 13:56:52:381 - [35m[Appium][39m   sessionOverride: true
2020-05-22 13:56:52:381 - [35m[Appium][39m   logTimestamp: true
2020-05-22 13:56:52:381 - [35m[Appium][39m   localTimezone: true
2020-05-22 13:56:52:381 - [35m[Appium][39m   platformName: Android
2020-05-22 13:56:52:381 - [35m[Appium][39m   platformVersion: 25
2020-05-22 13:56:52:381 - [35m[Appium][39m   automationName: Appium
2020-05-22 13:56:52:382 - [35m[Appium][39m   noReset: true
2020-05-22 13:56:52:383 - [35m[Appium][39m Deprecated server args:
2020-05-22 13:56:52:383 - [35m[Appium][39m   [31m--platform-name[39m => --default-capabilities '{"platformName":"Android"}'
2020-05-22 13:56:52:383 - [35m[Appium][39m   [31m--platform-version[39m => --default-capabilities '{"platformVersion":"25"}'
2020-05-22 13:56:52:384 - [35m[Appium][39m   [31m--automation-name[39m => --default-capabilities '{"automationName":"Appium"}'
2020-05-22 13:56:52:384 - [35m[Appium][39m   [31m--no-reset[39m => --default-capabilities '{"noReset":true}'
2020-05-22 13:56:52:384 - [35m[Appium][39m Default capabilities, which will be added to each request unless overridden by desired capabilities:
2020-05-22 13:56:52:384 - [35m[Appium][39m   platformName: Android
2020-05-22 13:56:52:384 - [35m[Appium][39m   platformVersion: 25
2020-05-22 13:56:52:384 - [35m[Appium][39m   automationName: Appium
2020-05-22 13:56:52:384 - [35m[Appium][39m   noReset: true
2020-05-22 13:56:52:411 - [35m[Appium][39m Appium REST http interface listener started on 127.0.0.1:4725

D:\Git_pyhthon\Peiyinxiu_Client\Appium_server>